<?xml version="1.0" encoding="UTF-8"?>
<!-- Generated by org.testng.reporters.JUnitReportReporter -->
<testsuite hostname="Jaivs-MacBook-Pro.local" failures="0" tests="5" name="com.lms.qa.tests.LoginPageTest" time="29.684" errors="0" timestamp="2022-08-28T13:42:33 EDT" skipped="0">
  <testcase classname="com.lms.qa.tests.LoginPageTest" name="LoginPageTitleTest" time="6.318"/>
  <system-out/>
  <testcase classname="com.lms.qa.tests.LoginPageTest" name="LoginEmailWithSpecialChar" time="5.645"/>
  <system-out/>
  <testcase classname="com.lms.qa.tests.LoginPageTest" name="LoginWithEmptyEmail" time="6.359"/>
  <system-out/>
  <testcase classname="com.lms.qa.tests.LoginPageTest" name="LoginWithEmptyPassword" time="5.813"/>
  <system-out/>
  <testcase classname="com.lms.qa.tests.LoginPageTest" name="clickOnScotiaLogo" time="5.549"/>
  <system-out/>
</testsuite> <!-- com.lms.qa.tests.LoginPageTest -->
