<?xml version="1.0" encoding="UTF-8"?>
<!-- Generated by org.testng.reporters.JUnitReportReporter -->
<testsuite hostname="Jaivs-MacBook-Pro.local" failures="0" tests="2" name="com.lms.qa.tests.HomePageTest" time="13.804" errors="0" timestamp="2022-08-28T15:05:30 EDT" skipped="0">
  <testcase classname="com.lms.qa.tests.HomePageTest" name="verifyHomePageTitleTest" time="5.264"/>
  <system-out/>
  <testcase classname="com.lms.qa.tests.HomePageTest" name="clickOnSmallBusinessLink" time="8.540"/>
  <system-out/>
</testsuite> <!-- com.lms.qa.tests.HomePageTest -->
