<?xml version="1.0" encoding="UTF-8"?>
<!-- Generated by org.testng.reporters.JUnitReportReporter -->
<testsuite hostname="Jaivs-MacBook-Pro.local" failures="0" tests="5" name="com.lms.qa.tests.LoginPageTest" time="29.563" errors="0" timestamp="2022-08-28T15:05:30 EDT" skipped="0">
  <testcase classname="com.lms.qa.tests.LoginPageTest" name="LoginPageTitleTest" time="6.184"/>
  <system-out/>
  <testcase classname="com.lms.qa.tests.LoginPageTest" name="LoginEmailWithSpecialChar" time="5.862"/>
  <system-out/>
  <testcase classname="com.lms.qa.tests.LoginPageTest" name="LoginWithEmptyEmail" time="5.894"/>
  <system-out/>
  <testcase classname="com.lms.qa.tests.LoginPageTest" name="LoginWithEmptyPassword" time="5.903"/>
  <system-out/>
  <testcase classname="com.lms.qa.tests.LoginPageTest" name="clickOnScotiaLogo" time="5.720"/>
  <system-out/>
</testsuite> <!-- com.lms.qa.tests.LoginPageTest -->
