<?xml version="1.0" encoding="UTF-8"?>
<!-- Generated by org.testng.reporters.JUnitReportReporter -->
<testsuite hostname="Jaivs-MacBook-Pro.local" failures="0" tests="2" name="com.lms.qa.tests.HomePageTest" time="14.027" errors="0" timestamp="2022-08-28T13:42:33 EDT" skipped="0">
  <testcase classname="com.lms.qa.tests.HomePageTest" name="verifyHomePageTitleTest" time="5.525"/>
  <system-out/>
  <testcase classname="com.lms.qa.tests.HomePageTest" name="clickOnSmallBusinessLink" time="8.502"/>
  <system-out/>
</testsuite> <!-- com.lms.qa.tests.HomePageTest -->
