<?xml version="1.0" encoding="UTF-8"?>
<!-- Generated by org.testng.reporters.JUnitReportReporter -->
<testsuite hostname="Jaivs-MacBook-Pro.local" failures="0" tests="5" name="com.lms.qa.tests.LoginPageTest" time="28.476" errors="0" timestamp="2022-08-28T13:37:58 EDT" skipped="0">
  <testcase classname="com.lms.qa.tests.LoginPageTest" name="LoginPageTitleTest" time="5.238"/>
  <system-out/>
  <testcase classname="com.lms.qa.tests.LoginPageTest" name="LoginEmailWithSpecialChar" time="5.845"/>
  <system-out/>
  <testcase classname="com.lms.qa.tests.LoginPageTest" name="LoginWithEmptyEmail" time="5.758"/>
  <system-out/>
  <testcase classname="com.lms.qa.tests.LoginPageTest" name="LoginWithEmptyPassword" time="5.962"/>
  <system-out/>
  <testcase classname="com.lms.qa.tests.LoginPageTest" name="clickOnScotiaLogo" time="5.673"/>
  <system-out/>
</testsuite> <!-- com.lms.qa.tests.LoginPageTest -->
